<?xml version="1.0" encoding="UTF-8"?>
<testsuite name="com.example.execution.calendar.CalendarImporterTest" tests="7" skipped="0" failures="0" errors="0" timestamp="2026-08-25T21:47:22" hostname="hermes" time="0.151">
  <properties/>
  <testcase name="changed title updates block" classname="com.example.execution.calendar.CalendarImporterTest" time="0.137"/>
  <testcase name="overlapping events supported" classname="com.example.execution.calendar.CalendarImporterTest" time="0.003"/>
  <testcase name="all-day event handled explicitly" classname="com.example.execution.calendar.CalendarImporterTest" time="0.001"/>
  <testcase name="deleted future event marks cancelled - remains auditable" classname="com.example.execution.calendar.CalendarImporterTest" time="0.002"/>
  <testcase name="changed time updates block" classname="com.example.execution.calendar.CalendarImporterTest" time="0.004"/>
  <testcase name="new event creates block" classname="com.example.execution.calendar.CalendarImporterTest" time="0.001"/>
  <testcase name="same event twice creates one block" classname="com.example.execution.calendar.CalendarImporterTest" time="0.002"/>
  <system-out><![CDATA[]]></system-out>
  <system-err><![CDATA[]]></system-err>
</testsuite>
