<?xml version="1.0" encoding="UTF-8"?>
<testsuite name="com.example.execution.app.phone.PhoneExecutionPresenterTest" tests="8" skipped="0" failures="0" errors="0" timestamp="2026-08-25T21:47:23" hostname="hermes" time="0.174">
  <properties/>
  <testcase name="empty plan state renders" classname="com.example.execution.app.phone.PhoneExecutionPresenterTest" time="0.143"/>
  <testcase name="skip confirmation works via command" classname="com.example.execution.app.phone.PhoneExecutionPresenterTest" time="0.016"/>
  <testcase name="interrupt works and shows resume" classname="com.example.execution.app.phone.PhoneExecutionPresenterTest" time="0.004"/>
  <testcase name="delay visible in status line" classname="com.example.execution.app.phone.PhoneExecutionPresenterTest" time="0.003"/>
  <testcase name="finish leaves no current state" classname="com.example.execution.app.phone.PhoneExecutionPresenterTest" time="0.001"/>
  <testcase name="resume appears when appropriate and restores context" classname="com.example.execution.app.phone.PhoneExecutionPresenterTest" time="0.001"/>
  <testcase name="current planned and next visible" classname="com.example.execution.app.phone.PhoneExecutionPresenterTest" time="0.002"/>
  <testcase name="start button sends command - state becomes current" classname="com.example.execution.app.phone.PhoneExecutionPresenterTest" time="0.002"/>
  <system-out><![CDATA[]]></system-out>
  <system-err><![CDATA[]]></system-err>
</testsuite>
